demo/platforms/tempPlugin/cordova_plugin_email_composer/build/outputs/logs/manifest-merger-release-report.txt
-- Merging decision tree log ---
manifest
ADDED from src\main\AndroidManifest.xml:2:1-10:12
INJECTED from src\main\AndroidManifest.xml:2:1-10:12
INJECTED from src\main\AndroidManifest.xml:2:1-10:12
INJECTED from src\main\AndroidManifest.xml:2:1-10:12
INJECTED from src\main\AndroidManifest.xml:2:1-10:12
INJECTED from src\main\AndroidManifest.xml:2:1-10:12
INJECTED from src\main\AndroidManifest.xml:2:1-10:12
	package
		ADDED from src\main\AndroidManifest.xml:2:70-126
		INJECTED from src\main\AndroidManifest.xml
		INJECTED from src\main\AndroidManifest.xml
	android:versionName
		INJECTED from src\main\AndroidManifest.xml
		ADDED from src\main\AndroidManifest.xml:2:1-10:12
		INJECTED from src\main\AndroidManifest.xml
	android:versionCode
		INJECTED from src\main\AndroidManifest.xml
		ADDED from src\main\AndroidManifest.xml:2:1-10:12
		INJECTED from src\main\AndroidManifest.xml
	xmlns:android
		ADDED from src\main\AndroidManifest.xml:2:11-69
uses-permission#android.permission.WRITE_EXTERNAL_STORAGE
ADDED from src\main\AndroidManifest.xml:3:3-78
	android:name
		ADDED from src\main\AndroidManifest.xml:3:20-76
uses-permission#android.permission.GET_ACCOUNTS
ADDED from src\main\AndroidManifest.xml:4:3-68
	android:name
		ADDED from src\main\AndroidManifest.xml:4:20-66
application
ADDED from src\main\AndroidManifest.xml:5:3-9:17
provider#de.appplant.cordova.emailcomposer.Provider
ADDED from src\main\AndroidManifest.xml:6:5-8:16
	android:grantUriPermissions
		ADDED from src\main\AndroidManifest.xml:6:146-180
	android:authorities
		ADDED from src\main\AndroidManifest.xml:6:73-120
	android:exported
		ADDED from src\main\AndroidManifest.xml:6:121-145
	android:name
		ADDED from src\main\AndroidManifest.xml:6:15-72
meta-data#android.support.FILE_PROVIDER_PATHS
ADDED from src\main\AndroidManifest.xml:7:7-123
	android:resource
		ADDED from src\main\AndroidManifest.xml:7:69-121
	android:name
		ADDED from src\main\AndroidManifest.xml:7:18-68
uses-sdk
INJECTED from src\main\AndroidManifest.xml reason: use-sdk injection requested
INJECTED from src\main\AndroidManifest.xml
INJECTED from src\main\AndroidManifest.xml
	android:targetSdkVersion
		INJECTED from src\main\AndroidManifest.xml
		ADDED from src\main\AndroidManifest.xml
		INJECTED from src\main\AndroidManifest.xml